
ERROR [org.apache.jsp.META_002dINF.views.framework.panic_jsp] HTTP GET /acme-fleamarket/META-INF/views/framework/page.jsp HTTP/1.1
ERROR [org.apache.jsp.META_002dINF.views.framework.panic_jsp] Status: 500
ERROR [org.apache.jsp.META_002dINF.views.framework.panic_jsp] Exception: acme.framework.helpers.Assert.state(Assert.java:40): End-point not available
ERROR [org.apache.jsp.META_002dINF.views.framework.panic_jsp] HTTP GET /acme-fleamarket/META-INF/views/framework/page.jsp HTTP/1.1
ERROR [org.apache.jsp.META_002dINF.views.framework.panic_jsp] Status: 500
ERROR [org.apache.jsp.META_002dINF.views.framework.panic_jsp] Exception: acme.framework.helpers.Assert.state(Assert.java:40): End-point not available
WARN [com.zaxxer.hikari.pool.HikariPool] {} - Thread starvation or clock leap detected (housekeeper delta={}).
WARN [com.zaxxer.hikari.pool.HikariPool] {} - Thread starvation or clock leap detected (housekeeper delta={}).
WARN [com.zaxxer.hikari.pool.HikariPool] {} - Thread starvation or clock leap detected (housekeeper delta={}).
WARN [com.zaxxer.hikari.pool.HikariPool] {} - Thread starvation or clock leap detected (housekeeper delta={}).
WARN [com.zaxxer.hikari.pool.HikariPool] {} - Thread starvation or clock leap detected (housekeeper delta={}).
WARN [com.zaxxer.hikari.pool.HikariPool] {} - Thread starvation or clock leap detected (housekeeper delta={}).
WARN [com.zaxxer.hikari.pool.HikariPool] {} - Thread starvation or clock leap detected (housekeeper delta={}).
WARN [com.zaxxer.hikari.pool.HikariPool] {} - Thread starvation or clock leap detected (housekeeper delta={}).
WARN [com.zaxxer.hikari.pool.HikariPool] {} - Thread starvation or clock leap detected (housekeeper delta={}).
WARN [com.zaxxer.hikari.pool.HikariPool] {} - Thread starvation or clock leap detected (housekeeper delta={}).
WARN [com.zaxxer.hikari.pool.HikariPool] {} - Thread starvation or clock leap detected (housekeeper delta={}).
WARN [com.zaxxer.hikari.pool.HikariPool] {} - Thread starvation or clock leap detected (housekeeper delta={}).
WARN [com.zaxxer.hikari.pool.HikariPool] {} - Thread starvation or clock leap detected (housekeeper delta={}).
WARN [com.zaxxer.hikari.pool.HikariPool] {} - Thread starvation or clock leap detected (housekeeper delta={}).
WARN [com.zaxxer.hikari.pool.HikariPool] {} - Thread starvation or clock leap detected (housekeeper delta={}).
WARN [com.zaxxer.hikari.pool.HikariPool] {} - Thread starvation or clock leap detected (housekeeper delta={}).
WARN [com.zaxxer.hikari.pool.HikariPool] {} - Thread starvation or clock leap detected (housekeeper delta={}).
WARN [com.zaxxer.hikari.pool.HikariPool] {} - Thread starvation or clock leap detected (housekeeper delta={}).
WARN [org.springframework.boot.web.servlet.context.AnnotationConfigServletWebServerApplicationContext] Exception encountered during context initialization - cancelling refresh attempt: org.springframework.beans.factory.BeanCreationException: Error creating bean with name 'entityManagerFactory' defined in class path resource [org/springframework/boot/autoconfigure/orm/jpa/HibernateJpaConfiguration.class]: Invocation of init method failed; nested exception is javax.persistence.PersistenceException: [PersistenceUnit: default] Unable to build Hibernate SessionFactory; nested exception is org.hibernate.tool.schema.spi.SchemaManagementException: Schema-validation: missing table [news]
ERROR [org.springframework.boot.SpringApplication] at org.springframework.beans.factory.support.AbstractAutowireCapableBeanFactory.initializeBean(AbstractAutowireCapableBeanFactory.java:1778): Error creating bean with name 'entityManagerFactory' defined in class path resource [org/springframework/boot/autoconfigure/orm/jpa/HibernateJpaConfiguration.class]: Invocation of init method failed; nested exception is javax.persistence.PersistenceException: [PersistenceUnit: default] Unable to build Hibernate SessionFactory; nested exception is org.hibernate.tool.schema.spi.SchemaManagementException: Schema-validation: missing table [news]
at org.springframework.orm.jpa.AbstractEntityManagerFactoryBean.buildNativeEntityManagerFactory(AbstractEntityManagerFactoryBean.java:402): [PersistenceUnit: default] Unable to build Hibernate SessionFactory; nested exception is org.hibernate.tool.schema.spi.SchemaManagementException: Schema-validation: missing table [news]
at org.hibernate.tool.schema.internal.AbstractSchemaValidator.validateTable(AbstractSchemaValidator.java:121): Schema-validation: missing table [news]
WARN [org.springframework.boot.web.servlet.context.AnnotationConfigServletWebServerApplicationContext] Exception encountered during context initialization - cancelling refresh attempt: org.springframework.beans.factory.BeanCreationException: Error creating bean with name 'requestMappingHandlerMapping' defined in class path resource [org/springframework/boot/autoconfigure/web/servlet/WebMvcAutoConfiguration$EnableWebMvcConfiguration.class]: Invocation of init method failed; nested exception is java.lang.IllegalStateException: Ambiguous mapping. Cannot map 'authenticatedNewsController' method 
public org.springframework.web.servlet.ModelAndView acme.framework.controllers.AbstractController.handleRequest(java.lang.String,java.util.Map<java.lang.String, java.lang.Object>,javax.servlet.http.HttpServletRequest,javax.servlet.http.HttpServletResponse,java.util.Locale)
to {[GET, POST] /authenticated/news/{endpoint}}: There is already 'administratorNewsController' bean method
public org.springframework.web.servlet.ModelAndView acme.framework.controllers.AbstractController.handleRequest(java.lang.String,java.util.Map<java.lang.String, java.lang.Object>,javax.servlet.http.HttpServletRequest,javax.servlet.http.HttpServletResponse,java.util.Locale) mapped.
ERROR [org.springframework.boot.SpringApplication] at org.springframework.beans.factory.support.AbstractAutowireCapableBeanFactory.initializeBean(AbstractAutowireCapableBeanFactory.java:1778): Error creating bean with name 'requestMappingHandlerMapping' defined in class path resource [org/springframework/boot/autoconfigure/web/servlet/WebMvcAutoConfiguration$EnableWebMvcConfiguration.class]: Invocation of init method failed; nested exception is java.lang.IllegalStateException: Ambiguous mapping. Cannot map 'authenticatedNewsController' method 
public org.springframework.web.servlet.ModelAndView acme.framework.controllers.AbstractController.handleRequest(java.lang.String,java.util.Map<java.lang.String, java.lang.Object>,javax.servlet.http.HttpServletRequest,javax.servlet.http.HttpServletResponse,java.util.Locale)
to {[GET, POST] /authenticated/news/{endpoint}}: There is already 'administratorNewsController' bean method
public org.springframework.web.servlet.ModelAndView acme.framework.controllers.AbstractController.handleRequest(java.lang.String,java.util.Map<java.lang.String, java.lang.Object>,javax.servlet.http.HttpServletRequest,javax.servlet.http.HttpServletResponse,java.util.Locale) mapped.
at org.springframework.web.servlet.handler.AbstractHandlerMethodMapping$MappingRegistry.assertUniqueMethodMapping(AbstractHandlerMethodMapping.java:618): Ambiguous mapping. Cannot map 'authenticatedNewsController' method 
public org.springframework.web.servlet.ModelAndView acme.framework.controllers.AbstractController.handleRequest(java.lang.String,java.util.Map<java.lang.String, java.lang.Object>,javax.servlet.http.HttpServletRequest,javax.servlet.http.HttpServletResponse,java.util.Locale)
to {[GET, POST] /authenticated/news/{endpoint}}: There is already 'administratorNewsController' bean method
public org.springframework.web.servlet.ModelAndView acme.framework.controllers.AbstractController.handleRequest(java.lang.String,java.util.Map<java.lang.String, java.lang.Object>,javax.servlet.http.HttpServletRequest,javax.servlet.http.HttpServletResponse,java.util.Locale) mapped.
WARN [org.springframework.boot.web.servlet.context.AnnotationConfigServletWebServerApplicationContext] Exception encountered during context initialization - cancelling refresh attempt: org.springframework.beans.factory.BeanCreationException: Error creating bean with name 'requestMappingHandlerMapping' defined in class path resource [org/springframework/boot/autoconfigure/web/servlet/WebMvcAutoConfiguration$EnableWebMvcConfiguration.class]: Invocation of init method failed; nested exception is java.lang.IllegalStateException: Ambiguous mapping. Cannot map 'authenticatedNewsController' method 
public org.springframework.web.servlet.ModelAndView acme.framework.controllers.AbstractController.handleRequest(java.lang.String,java.util.Map<java.lang.String, java.lang.Object>,javax.servlet.http.HttpServletRequest,javax.servlet.http.HttpServletResponse,java.util.Locale)
to {[GET, POST] /authenticated/news/{endpoint}}: There is already 'administratorNewsController' bean method
public org.springframework.web.servlet.ModelAndView acme.framework.controllers.AbstractController.handleRequest(java.lang.String,java.util.Map<java.lang.String, java.lang.Object>,javax.servlet.http.HttpServletRequest,javax.servlet.http.HttpServletResponse,java.util.Locale) mapped.
ERROR [org.springframework.boot.SpringApplication] at org.springframework.beans.factory.support.AbstractAutowireCapableBeanFactory.initializeBean(AbstractAutowireCapableBeanFactory.java:1778): Error creating bean with name 'requestMappingHandlerMapping' defined in class path resource [org/springframework/boot/autoconfigure/web/servlet/WebMvcAutoConfiguration$EnableWebMvcConfiguration.class]: Invocation of init method failed; nested exception is java.lang.IllegalStateException: Ambiguous mapping. Cannot map 'authenticatedNewsController' method 
public org.springframework.web.servlet.ModelAndView acme.framework.controllers.AbstractController.handleRequest(java.lang.String,java.util.Map<java.lang.String, java.lang.Object>,javax.servlet.http.HttpServletRequest,javax.servlet.http.HttpServletResponse,java.util.Locale)
to {[GET, POST] /authenticated/news/{endpoint}}: There is already 'administratorNewsController' bean method
public org.springframework.web.servlet.ModelAndView acme.framework.controllers.AbstractController.handleRequest(java.lang.String,java.util.Map<java.lang.String, java.lang.Object>,javax.servlet.http.HttpServletRequest,javax.servlet.http.HttpServletResponse,java.util.Locale) mapped.
at org.springframework.web.servlet.handler.AbstractHandlerMethodMapping$MappingRegistry.assertUniqueMethodMapping(AbstractHandlerMethodMapping.java:618): Ambiguous mapping. Cannot map 'authenticatedNewsController' method 
public org.springframework.web.servlet.ModelAndView acme.framework.controllers.AbstractController.handleRequest(java.lang.String,java.util.Map<java.lang.String, java.lang.Object>,javax.servlet.http.HttpServletRequest,javax.servlet.http.HttpServletResponse,java.util.Locale)
to {[GET, POST] /authenticated/news/{endpoint}}: There is already 'administratorNewsController' bean method
public org.springframework.web.servlet.ModelAndView acme.framework.controllers.AbstractController.handleRequest(java.lang.String,java.util.Map<java.lang.String, java.lang.Object>,javax.servlet.http.HttpServletRequest,javax.servlet.http.HttpServletResponse,java.util.Locale) mapped.
ERROR [org.apache.jsp.META_002dINF.views.framework.panic_jsp] HTTP GET /acme-fleamarket/META-INF/views/framework/page.jsp HTTP/1.1
ERROR [org.apache.jsp.META_002dINF.views.framework.panic_jsp] Status: 500
ERROR [org.apache.jsp.META_002dINF.views.framework.panic_jsp] Exception: acme.framework.helpers.Assert.state(Assert.java:40): Access is not authorised
ERROR [org.apache.catalina.util.LifecycleBase] at org.apache.catalina.connector.Connector.startInternal(Connector.java:1008): Protocol handler start failed
at sun.nio.ch.Net.bind0(Native Method): Address already in use: bind
ERROR [org.springframework.boot.diagnostics.LoggingFailureAnalysisReporter] ***************************
APPLICATION FAILED TO START
***************************
Description:
The Tomcat connector configured to listen on port 8080 failed to start. The port may already be in use or the connector may be misconfigured.
Action:
Verify the connector's configuration, identify and stop any process that's listening on port 8080, or configure this application to listen on another port.
ERROR [org.apache.jsp.META_002dINF.views.framework.panic_jsp] HTTP GET /acme-fleamarket/META-INF/views/framework/page.jsp HTTP/1.1
ERROR [org.apache.jsp.META_002dINF.views.framework.panic_jsp] Status: 500
ERROR [org.apache.jsp.META_002dINF.views.framework.panic_jsp] Exception: java.lang.AssertionError
ERROR [org.apache.jsp.META_002dINF.views.framework.panic_jsp] HTTP GET /acme-fleamarket/META-INF/views/framework/page.jsp HTTP/1.1
ERROR [org.apache.jsp.META_002dINF.views.framework.panic_jsp] Status: 500
ERROR [org.apache.jsp.META_002dINF.views.framework.panic_jsp] Exception: java.lang.AssertionError
WARN [com.zaxxer.hikari.pool.HikariPool] {} - Thread starvation or clock leap detected (housekeeper delta={}).
ERROR [org.apache.catalina.core.ContainerBase.[Tomcat].[localhost].[/acme-fleamarket].[dispatcherServlet]] at acme.framework.utilities.RememberMeLogoutHandler.logout(RememberMeLogoutHandler.java:31): java.lang.AssertionError
ERROR [org.apache.jsp.META_002dINF.views.framework.panic_jsp] HTTP GET /acme-fleamarket/META-INF/views/framework/page.jsp HTTP/1.1
ERROR [org.apache.jsp.META_002dINF.views.framework.panic_jsp] Status: 500
ERROR [org.apache.jsp.META_002dINF.views.framework.panic_jsp] Exception: java.lang.AssertionError
ERROR [org.apache.jsp.META_002dINF.views.framework.panic_jsp] HTTP GET /acme-fleamarket/META-INF/views/framework/page.jsp HTTP/1.1
ERROR [org.apache.jsp.META_002dINF.views.framework.panic_jsp] Status: 500
ERROR [org.apache.jsp.META_002dINF.views.framework.panic_jsp] Exception: java.lang.AssertionError
ERROR [org.apache.catalina.core.ContainerBase.[Tomcat].[localhost].[/acme-fleamarket].[jsp]] at org.apache.jasper.servlet.JspServlet.handleMissingResource(JspServlet.java:407): File [&#47;META-INF&#47;views&#47;administrator&#47;customisation&#47;form.jsp] not found
ERROR [org.apache.catalina.core.ContainerBase.[Tomcat].[localhost].[/acme-fleamarket].[jsp]] at org.apache.tiles.request.servlet.ServletUtil.wrapServletException(ServletUtil.java:63): JSPException including path '../administrator/customisation/form.jsp'.
at org.apache.jasper.servlet.JspServlet.handleMissingResource(JspServlet.java:407): File [&#47;META-INF&#47;views&#47;administrator&#47;customisation&#47;form.jsp] not found
ERROR [org.apache.catalina.core.ContainerBase.[Tomcat].[localhost].[/acme-fleamarket].[dispatcherServlet]] at org.apache.jasper.servlet.JspServlet.handleMissingResource(JspServlet.java:407): File [&#47;META-INF&#47;views&#47;administrator&#47;customisation&#47;form.jsp] not found
ERROR [org.apache.catalina.core.ContainerBase.[Tomcat].[localhost].[/acme-fleamarket].[jsp]] at org.apache.jasper.servlet.JspServlet.handleMissingResource(JspServlet.java:407): File [&#47;META-INF&#47;views&#47;administrator&#47;customisation&#47;form.jsp] not found
ERROR [org.apache.catalina.core.ContainerBase.[Tomcat].[localhost].[/acme-fleamarket].[jsp]] at org.apache.tiles.request.servlet.ServletUtil.wrapServletException(ServletUtil.java:63): JSPException including path '../administrator/customisation/form.jsp'.
at org.apache.jasper.servlet.JspServlet.handleMissingResource(JspServlet.java:407): File [&#47;META-INF&#47;views&#47;administrator&#47;customisation&#47;form.jsp] not found
ERROR [org.apache.catalina.core.ContainerBase.[Tomcat].[localhost].[/acme-fleamarket].[dispatcherServlet]] at org.apache.jasper.servlet.JspServlet.handleMissingResource(JspServlet.java:407): File [&#47;META-INF&#47;views&#47;administrator&#47;customisation&#47;form.jsp] not found
WARN [org.springframework.boot.web.servlet.context.AnnotationConfigServletWebServerApplicationContext] Exception encountered during context initialization - cancelling refresh attempt: org.springframework.beans.factory.BeanCreationException: Error creating bean with name 'entityManagerFactory' defined in class path resource [org/springframework/boot/autoconfigure/orm/jpa/HibernateJpaConfiguration.class]: Invocation of init method failed; nested exception is javax.persistence.PersistenceException: [PersistenceUnit: default] Unable to build Hibernate SessionFactory; nested exception is org.hibernate.tool.schema.spi.SchemaManagementException: Schema-validation: missing column [item_categories] in table [customisation]
ERROR [org.springframework.boot.SpringApplication] at org.springframework.beans.factory.support.AbstractAutowireCapableBeanFactory.initializeBean(AbstractAutowireCapableBeanFactory.java:1778): Error creating bean with name 'entityManagerFactory' defined in class path resource [org/springframework/boot/autoconfigure/orm/jpa/HibernateJpaConfiguration.class]: Invocation of init method failed; nested exception is javax.persistence.PersistenceException: [PersistenceUnit: default] Unable to build Hibernate SessionFactory; nested exception is org.hibernate.tool.schema.spi.SchemaManagementException: Schema-validation: missing column [item_categories] in table [customisation]
at org.springframework.orm.jpa.AbstractEntityManagerFactoryBean.buildNativeEntityManagerFactory(AbstractEntityManagerFactoryBean.java:402): [PersistenceUnit: default] Unable to build Hibernate SessionFactory; nested exception is org.hibernate.tool.schema.spi.SchemaManagementException: Schema-validation: missing column [item_categories] in table [customisation]
at org.hibernate.tool.schema.internal.AbstractSchemaValidator.validateTable(AbstractSchemaValidator.java:136): Schema-validation: missing column [item_categories] in table [customisation]
ERROR [org.apache.jsp.META_002dINF.views.framework.panic_jsp] HTTP GET /acme-fleamarket/META-INF/views/framework/page.jsp HTTP/1.1
ERROR [org.apache.jsp.META_002dINF.views.framework.panic_jsp] Status: 500
ERROR [org.apache.jsp.META_002dINF.views.framework.panic_jsp] Exception: acme.framework.helpers.Assert.state(Assert.java:40): End-point not available
WARN [org.springframework.boot.web.servlet.context.AnnotationConfigServletWebServerApplicationContext] Exception encountered during context initialization - cancelling refresh attempt: org.springframework.beans.factory.BeanCreationException: Error creating bean with name 'entityManagerFactory' defined in class path resource [org/springframework/boot/autoconfigure/orm/jpa/HibernateJpaConfiguration.class]: Invocation of init method failed; nested exception is javax.persistence.PersistenceException: [PersistenceUnit: default] Unable to build Hibernate SessionFactory; nested exception is org.hibernate.tool.schema.spi.SchemaManagementException: Schema-validation: missing column [item_categories] in table [customisation]
ERROR [org.springframework.boot.SpringApplication] at org.springframework.beans.factory.support.AbstractAutowireCapableBeanFactory.initializeBean(AbstractAutowireCapableBeanFactory.java:1778): Error creating bean with name 'entityManagerFactory' defined in class path resource [org/springframework/boot/autoconfigure/orm/jpa/HibernateJpaConfiguration.class]: Invocation of init method failed; nested exception is javax.persistence.PersistenceException: [PersistenceUnit: default] Unable to build Hibernate SessionFactory; nested exception is org.hibernate.tool.schema.spi.SchemaManagementException: Schema-validation: missing column [item_categories] in table [customisation]
at org.springframework.orm.jpa.AbstractEntityManagerFactoryBean.buildNativeEntityManagerFactory(AbstractEntityManagerFactoryBean.java:402): [PersistenceUnit: default] Unable to build Hibernate SessionFactory; nested exception is org.hibernate.tool.schema.spi.SchemaManagementException: Schema-validation: missing column [item_categories] in table [customisation]
at org.hibernate.tool.schema.internal.AbstractSchemaValidator.validateTable(AbstractSchemaValidator.java:136): Schema-validation: missing column [item_categories] in table [customisation]
ERROR [org.apache.catalina.core.ContainerBase.[Tomcat].[localhost].[/acme-fleamarket].[dispatcherServlet]] at acme.framework.utilities.RememberMeLogoutHandler.logout(RememberMeLogoutHandler.java:31): java.lang.AssertionError
ERROR [org.apache.jsp.META_002dINF.views.framework.panic_jsp] HTTP GET /acme-fleamarket/META-INF/views/framework/page.jsp HTTP/1.1
ERROR [org.apache.jsp.META_002dINF.views.framework.panic_jsp] Status: 500
ERROR [org.apache.jsp.META_002dINF.views.framework.panic_jsp] Exception: acme.framework.helpers.Assert.state(Assert.java:40): Access is not authorised
ERROR [org.apache.jsp.META_002dINF.views.framework.panic_jsp] HTTP GET /acme-fleamarket/META-INF/views/framework/page.jsp HTTP/1.1
ERROR [org.apache.jsp.META_002dINF.views.framework.panic_jsp] Status: 500
ERROR [org.apache.jsp.META_002dINF.views.framework.panic_jsp] Exception: acme.framework.helpers.Assert.state(Assert.java:40): Access is not authorised
ERROR [org.apache.jsp.META_002dINF.views.framework.panic_jsp] HTTP GET /acme-fleamarket/META-INF/views/framework/page.jsp HTTP/1.1
ERROR [org.apache.jsp.META_002dINF.views.framework.panic_jsp] Status: 500
ERROR [org.apache.jsp.META_002dINF.views.framework.panic_jsp] Exception: java.lang.AssertionError
ERROR [org.apache.jsp.META_002dINF.views.framework.panic_jsp] HTTP GET /acme-fleamarket/META-INF/views/framework/page.jsp HTTP/1.1
ERROR [org.apache.jsp.META_002dINF.views.framework.panic_jsp] Status: 500
ERROR [org.apache.jsp.META_002dINF.views.framework.panic_jsp] Exception: java.lang.AssertionError
ERROR [org.apache.jsp.META_002dINF.views.framework.panic_jsp] HTTP GET /acme-fleamarket/META-INF/views/framework/page.jsp HTTP/1.1
ERROR [org.apache.jsp.META_002dINF.views.framework.panic_jsp] Status: 500
ERROR [org.apache.jsp.META_002dINF.views.framework.panic_jsp] Exception: java.lang.AssertionError
ERROR [org.apache.jsp.META_002dINF.views.framework.panic_jsp] HTTP GET /acme-fleamarket/META-INF/views/framework/page.jsp HTTP/1.1
ERROR [org.apache.jsp.META_002dINF.views.framework.panic_jsp] Status: 500
ERROR [org.apache.jsp.META_002dINF.views.framework.panic_jsp] Exception: acme.framework.helpers.Assert.state(Assert.java:40): Access is not authorised
ERROR [org.apache.jsp.META_002dINF.views.framework.panic_jsp] HTTP GET /acme-fleamarket/META-INF/views/framework/page.jsp HTTP/1.1
ERROR [org.apache.jsp.META_002dINF.views.framework.panic_jsp] Status: 500
ERROR [org.apache.jsp.META_002dINF.views.framework.panic_jsp] Exception: acme.framework.helpers.Assert.state(Assert.java:40): End-point not available
WARN [com.zaxxer.hikari.pool.HikariPool] {} - Thread starvation or clock leap detected (housekeeper delta={}).
WARN [com.zaxxer.hikari.pool.HikariPool] {} - Thread starvation or clock leap detected (housekeeper delta={}).
WARN [org.springframework.boot.web.servlet.context.AnnotationConfigServletWebServerApplicationContext] Exception encountered during context initialization - cancelling refresh attempt: org.springframework.beans.factory.BeanCreationException: Error creating bean with name 'administratorFigmentsController': Invocation of init method failed; nested exception is java.lang.Error: Unresolved compilation problems: 
	The method addBasicCommand(BasicCommand, AbstractService<Administrator,Figment>) in the type AbstractController<Administrator,Figment> is not applicable for the arguments (BasicCommand, AdministratorFigmentsCreateService)
	The method addBasicCommand(BasicCommand, AbstractService<Administrator,Figment>) in the type AbstractController<Administrator,Figment> is not applicable for the arguments (BasicCommand, AdministratorFigmentsUpdateService)
	The method addBasicCommand(BasicCommand, AbstractService<Administrator,Figment>) in the type AbstractController<Administrator,Figment> is not applicable for the arguments (BasicCommand, AdministratorFigmentsDeleteService)
	The method addBasicCommand(BasicCommand, AbstractService<Administrator,Figment>) in the type AbstractController<Administrator,Figment> is not applicable for the arguments (BasicCommand, AdministratorFigmentsListService)
	The method addBasicCommand(BasicCommand, AbstractService<Administrator,Figment>) in the type AbstractController<Administrator,Figment> is not applicable for the arguments (BasicCommand, AdministratorFigmentsShowService)
ERROR [org.springframework.boot.SpringApplication] at org.springframework.beans.factory.annotation.InitDestroyAnnotationBeanPostProcessor.postProcessBeforeInitialization(InitDestroyAnnotationBeanPostProcessor.java:139): Error creating bean with name 'administratorFigmentsController': Invocation of init method failed; nested exception is java.lang.Error: Unresolved compilation problems: 
	The method addBasicCommand(BasicCommand, AbstractService<Administrator,Figment>) in the type AbstractController<Administrator,Figment> is not applicable for the arguments (BasicCommand, AdministratorFigmentsCreateService)
	The method addBasicCommand(BasicCommand, AbstractService<Administrator,Figment>) in the type AbstractController<Administrator,Figment> is not applicable for the arguments (BasicCommand, AdministratorFigmentsUpdateService)
	The method addBasicCommand(BasicCommand, AbstractService<Administrator,Figment>) in the type AbstractController<Administrator,Figment> is not applicable for the arguments (BasicCommand, AdministratorFigmentsDeleteService)
	The method addBasicCommand(BasicCommand, AbstractService<Administrator,Figment>) in the type AbstractController<Administrator,Figment> is not applicable for the arguments (BasicCommand, AdministratorFigmentsListService)
	The method addBasicCommand(BasicCommand, AbstractService<Administrator,Figment>) in the type AbstractController<Administrator,Figment> is not applicable for the arguments (BasicCommand, AdministratorFigmentsShowService)
at acme.features.administrator.figments.AdministratorFigmentsController.initialise(AdministratorFigmentsController.java:38): Unresolved compilation problems: 
	The method addBasicCommand(BasicCommand, AbstractService<Administrator,Figment>) in the type AbstractController<Administrator,Figment> is not applicable for the arguments (BasicCommand, AdministratorFigmentsCreateService)
	The method addBasicCommand(BasicCommand, AbstractService<Administrator,Figment>) in the type AbstractController<Administrator,Figment> is not applicable for the arguments (BasicCommand, AdministratorFigmentsUpdateService)
	The method addBasicCommand(BasicCommand, AbstractService<Administrator,Figment>) in the type AbstractController<Administrator,Figment> is not applicable for the arguments (BasicCommand, AdministratorFigmentsDeleteService)
	The method addBasicCommand(BasicCommand, AbstractService<Administrator,Figment>) in the type AbstractController<Administrator,Figment> is not applicable for the arguments (BasicCommand, AdministratorFigmentsListService)
	The method addBasicCommand(BasicCommand, AbstractService<Administrator,Figment>) in the type AbstractController<Administrator,Figment> is not applicable for the arguments (BasicCommand, AdministratorFigmentsShowService)
WARN [com.zaxxer.hikari.pool.HikariPool] {} - Thread starvation or clock leap detected (housekeeper delta={}).
ERROR [org.apache.jsp.META_002dINF.views.framework.panic_jsp] HTTP GET /acme-fleamarket/META-INF/views/framework/page.jsp HTTP/1.1
ERROR [org.apache.jsp.META_002dINF.views.framework.panic_jsp] Status: 500
ERROR [org.apache.jsp.META_002dINF.views.framework.panic_jsp] Exception: acme.framework.helpers.Assert.state(Assert.java:40): Access is not authorised
WARN [com.zaxxer.hikari.pool.HikariPool] {} - Thread starvation or clock leap detected (housekeeper delta={}).
WARN [com.zaxxer.hikari.pool.HikariPool] {} - Thread starvation or clock leap detected (housekeeper delta={}).
WARN [com.zaxxer.hikari.pool.HikariPool] {} - Thread starvation or clock leap detected (housekeeper delta={}).
ERROR [org.apache.jsp.META_002dINF.views.framework.panic_jsp] HTTP GET /acme-fleamarket/META-INF/views/framework/page.jsp HTTP/1.1
ERROR [org.apache.jsp.META_002dINF.views.framework.panic_jsp] Status: 500
ERROR [org.apache.jsp.META_002dINF.views.framework.panic_jsp] Exception: acme.framework.helpers.Assert.state(Assert.java:40): Access is not authorised
WARN [com.zaxxer.hikari.pool.HikariPool] {} - Thread starvation or clock leap detected (housekeeper delta={}).
ERROR [org.apache.jsp.META_002dINF.views.framework.panic_jsp] HTTP GET /acme-fleamarket/META-INF/views/framework/page.jsp HTTP/1.1
ERROR [org.apache.jsp.META_002dINF.views.framework.panic_jsp] Status: 500
ERROR [org.apache.jsp.META_002dINF.views.framework.panic_jsp] Exception: java.lang.AssertionError
WARN [org.hibernate.engine.jdbc.spi.SqlExceptionHelper] SQL Error: 1406, SQLState: 22001
ERROR [org.hibernate.engine.jdbc.spi.SqlExceptionHelper] Data truncation: Data too long for column 'description' at row 1
ERROR [org.hibernate.internal.ExceptionMapperStandardImpl] HHH000346: Error during managed flush [org.hibernate.exception.DataException: could not execute statement]
ERROR [org.apache.jsp.META_002dINF.views.framework.panic_jsp] HTTP POST /acme-fleamarket/META-INF/views/framework/page.jsp HTTP/1.1
ERROR [org.apache.jsp.META_002dINF.views.framework.panic_jsp] Status: 500
ERROR [org.apache.jsp.META_002dINF.views.framework.panic_jsp] Exception: org.springframework.orm.jpa.vendor.HibernateJpaDialect.convertHibernateAccessException(HibernateJpaDialect.java:300): could not execute statement; SQL [n/a]; nested exception is org.hibernate.exception.DataException: could not execute statement
org.hibernate.exception.internal.SQLExceptionTypeDelegate.convert(SQLExceptionTypeDelegate.java:52): could not execute statement
com.mysql.cj.jdbc.exceptions.SQLExceptionsMapping.translateException(SQLExceptionsMapping.java:104): Data truncation: Data too long for column 'description' at row 1
WARN [org.hibernate.engine.jdbc.spi.SqlExceptionHelper] SQL Error: 1406, SQLState: 22001
ERROR [org.hibernate.engine.jdbc.spi.SqlExceptionHelper] Data truncation: Data too long for column 'description' at row 1
ERROR [org.hibernate.internal.ExceptionMapperStandardImpl] HHH000346: Error during managed flush [org.hibernate.exception.DataException: could not execute statement]
ERROR [org.apache.jsp.META_002dINF.views.framework.panic_jsp] HTTP POST /acme-fleamarket/META-INF/views/framework/page.jsp HTTP/1.1
ERROR [org.apache.jsp.META_002dINF.views.framework.panic_jsp] Status: 500
ERROR [org.apache.jsp.META_002dINF.views.framework.panic_jsp] Exception: org.springframework.orm.jpa.vendor.HibernateJpaDialect.convertHibernateAccessException(HibernateJpaDialect.java:300): could not execute statement; SQL [n/a]; nested exception is org.hibernate.exception.DataException: could not execute statement
org.hibernate.exception.internal.SQLExceptionTypeDelegate.convert(SQLExceptionTypeDelegate.java:52): could not execute statement
com.mysql.cj.jdbc.exceptions.SQLExceptionsMapping.translateException(SQLExceptionsMapping.java:104): Data truncation: Data too long for column 'description' at row 1
ERROR [org.apache.jsp.META_002dINF.views.framework.panic_jsp] HTTP GET /acme-fleamarket/META-INF/views/framework/page.jsp HTTP/1.1
ERROR [org.apache.jsp.META_002dINF.views.framework.panic_jsp] Status: 500
ERROR [org.apache.jsp.META_002dINF.views.framework.panic_jsp] Exception: acme.framework.helpers.Assert.state(Assert.java:40): Access is not authorised
WARN [com.zaxxer.hikari.pool.HikariPool] {} - Thread starvation or clock leap detected (housekeeper delta={}).
WARN [com.zaxxer.hikari.pool.HikariPool] {} - Thread starvation or clock leap detected (housekeeper delta={}).
WARN [com.zaxxer.hikari.pool.HikariPool] {} - Thread starvation or clock leap detected (housekeeper delta={}).
WARN [com.zaxxer.hikari.pool.HikariPool] {} - Thread starvation or clock leap detected (housekeeper delta={}).
ERROR [org.apache.jsp.META_002dINF.views.framework.panic_jsp] HTTP GET /acme-fleamarket/META-INF/views/framework/page.jsp HTTP/1.1
ERROR [org.apache.jsp.META_002dINF.views.framework.panic_jsp] Status: 500
ERROR [org.apache.jsp.META_002dINF.views.framework.panic_jsp] Exception: java.lang.AssertionError
ERROR [org.apache.jsp.META_002dINF.views.framework.panic_jsp] HTTP GET /acme-fleamarket/META-INF/views/framework/page.jsp HTTP/1.1
ERROR [org.apache.jsp.META_002dINF.views.framework.panic_jsp] Status: 500
ERROR [org.apache.jsp.META_002dINF.views.framework.panic_jsp] Exception: java.lang.AssertionError
ERROR [org.apache.jsp.META_002dINF.views.framework.panic_jsp] HTTP GET /acme-fleamarket/META-INF/views/framework/page.jsp HTTP/1.1
ERROR [org.apache.jsp.META_002dINF.views.framework.panic_jsp] Status: 500
ERROR [org.apache.jsp.META_002dINF.views.framework.panic_jsp] Exception: java.lang.AssertionError
ERROR [org.apache.jsp.META_002dINF.views.framework.panic_jsp] HTTP GET /acme-fleamarket/META-INF/views/framework/page.jsp HTTP/1.1
ERROR [org.apache.jsp.META_002dINF.views.framework.panic_jsp] Status: 500
ERROR [org.apache.jsp.META_002dINF.views.framework.panic_jsp] Exception: java.lang.AssertionError
ERROR [org.apache.jsp.META_002dINF.views.framework.panic_jsp] HTTP GET /acme-fleamarket/META-INF/views/framework/page.jsp HTTP/1.1
ERROR [org.apache.jsp.META_002dINF.views.framework.panic_jsp] Status: 500
ERROR [org.apache.jsp.META_002dINF.views.framework.panic_jsp] Exception: java.lang.AssertionError
WARN [com.zaxxer.hikari.pool.HikariPool] {} - Thread starvation or clock leap detected (housekeeper delta={}).
ERROR [org.apache.jsp.META_002dINF.views.framework.panic_jsp] HTTP GET /acme-fleamarket/META-INF/views/framework/page.jsp HTTP/1.1
ERROR [org.apache.jsp.META_002dINF.views.framework.panic_jsp] Status: 500
ERROR [org.apache.jsp.META_002dINF.views.framework.panic_jsp] Exception: acme.framework.helpers.Assert.state(Assert.java:40): End-point not available
ERROR [org.apache.jsp.META_002dINF.views.framework.panic_jsp] HTTP GET /acme-fleamarket/META-INF/views/framework/page.jsp HTTP/1.1
ERROR [org.apache.jsp.META_002dINF.views.framework.panic_jsp] Status: 500
ERROR [org.apache.jsp.META_002dINF.views.framework.panic_jsp] Exception: acme.framework.helpers.Assert.state(Assert.java:40): End-point not available
ERROR [org.apache.jsp.META_002dINF.views.framework.panic_jsp] HTTP GET /acme-fleamarket/META-INF/views/framework/page.jsp HTTP/1.1
ERROR [org.apache.jsp.META_002dINF.views.framework.panic_jsp] Status: 500
ERROR [org.apache.jsp.META_002dINF.views.framework.panic_jsp] Exception: acme.framework.helpers.Assert.state(Assert.java:40): End-point not available
WARN [com.zaxxer.hikari.pool.HikariPool] {} - Thread starvation or clock leap detected (housekeeper delta={}).
ERROR [org.apache.jsp.META_002dINF.views.framework.panic_jsp] HTTP GET /acme-fleamarket/META-INF/views/framework/page.jsp HTTP/1.1
ERROR [org.apache.jsp.META_002dINF.views.framework.panic_jsp] Status: 500
ERROR [org.apache.jsp.META_002dINF.views.framework.panic_jsp] Exception: java.lang.AssertionError
ERROR [org.apache.jsp.META_002dINF.views.framework.panic_jsp] HTTP GET /acme-fleamarket/META-INF/views/framework/page.jsp HTTP/1.1
ERROR [org.apache.jsp.META_002dINF.views.framework.panic_jsp] Status: 500
ERROR [org.apache.jsp.META_002dINF.views.framework.panic_jsp] Exception: java.lang.AssertionError
ERROR [org.apache.jsp.META_002dINF.views.framework.panic_jsp] HTTP GET /acme-fleamarket/META-INF/views/framework/page.jsp HTTP/1.1
ERROR [org.apache.jsp.META_002dINF.views.framework.panic_jsp] Status: 500
ERROR [org.apache.jsp.META_002dINF.views.framework.panic_jsp] Exception: java.lang.AssertionError
ERROR [org.apache.catalina.core.ContainerBase.[Tomcat].[localhost].[/acme-fleamarket].[dispatcherServlet]] at acme.framework.utilities.RememberMeLogoutHandler.logout(RememberMeLogoutHandler.java:31): java.lang.AssertionError
ERROR [org.apache.jsp.META_002dINF.views.framework.panic_jsp] HTTP GET /acme-fleamarket/META-INF/views/framework/page.jsp HTTP/1.1
ERROR [org.apache.jsp.META_002dINF.views.framework.panic_jsp] Status: 500
ERROR [org.apache.jsp.META_002dINF.views.framework.panic_jsp] Exception: acme.framework.helpers.Assert.state(Assert.java:40): Access is not authorised
ERROR [org.apache.jsp.META_002dINF.views.framework.panic_jsp] HTTP GET /acme-fleamarket/META-INF/views/framework/page.jsp HTTP/1.1
ERROR [org.apache.jsp.META_002dINF.views.framework.panic_jsp] Status: 500
ERROR [org.apache.jsp.META_002dINF.views.framework.panic_jsp] Exception: acme.framework.helpers.Assert.state(Assert.java:40): End-point not available
WARN [com.zaxxer.hikari.pool.HikariPool] {} - Thread starvation or clock leap detected (housekeeper delta={}).
WARN [com.zaxxer.hikari.pool.HikariPool] {} - Thread starvation or clock leap detected (housekeeper delta={}).
WARN [com.zaxxer.hikari.pool.HikariPool] {} - Thread starvation or clock leap detected (housekeeper delta={}).
ERROR [org.apache.jsp.META_002dINF.views.framework.panic_jsp] HTTP GET /acme-fleamarket/META-INF/views/framework/page.jsp HTTP/1.1
ERROR [org.apache.jsp.META_002dINF.views.framework.panic_jsp] Status: 500
ERROR [org.apache.jsp.META_002dINF.views.framework.panic_jsp] Exception: acme.framework.helpers.Assert.state(Assert.java:40): Access is not authorised
ERROR [org.apache.jsp.META_002dINF.views.framework.panic_jsp] HTTP GET /acme-fleamarket/META-INF/views/framework/page.jsp HTTP/1.1
ERROR [org.apache.jsp.META_002dINF.views.framework.panic_jsp] Status: 500
ERROR [org.apache.jsp.META_002dINF.views.framework.panic_jsp] Exception: acme.framework.helpers.Assert.state(Assert.java:40): Access is not authorised
WARN [com.zaxxer.hikari.pool.HikariPool] {} - Thread starvation or clock leap detected (housekeeper delta={}).
ERROR [org.apache.catalina.core.ContainerBase.[Tomcat].[localhost].[/acme-fleamarket].[dispatcherServlet]] at acme.framework.utilities.RememberMeLogoutHandler.logout(RememberMeLogoutHandler.java:31): java.lang.AssertionError
ERROR [org.apache.jsp.META_002dINF.views.framework.panic_jsp] HTTP GET /acme-fleamarket/META-INF/views/framework/page.jsp HTTP/1.1
ERROR [org.apache.jsp.META_002dINF.views.framework.panic_jsp] Status: 500
ERROR [org.apache.jsp.META_002dINF.views.framework.panic_jsp] Exception: acme.framework.helpers.Assert.state(Assert.java:40): Access is not authorised
ERROR [org.apache.jsp.META_002dINF.views.framework.panic_jsp] HTTP GET /acme-fleamarket/META-INF/views/framework/page.jsp HTTP/1.1
ERROR [org.apache.jsp.META_002dINF.views.framework.panic_jsp] Status: 500
ERROR [org.apache.jsp.META_002dINF.views.framework.panic_jsp] Exception: java.lang.AssertionError
ERROR [org.apache.jsp.META_002dINF.views.framework.panic_jsp] HTTP GET /acme-fleamarket/META-INF/views/framework/page.jsp HTTP/1.1
ERROR [org.apache.jsp.META_002dINF.views.framework.panic_jsp] Status: 500
ERROR [org.apache.jsp.META_002dINF.views.framework.panic_jsp] Exception: acme.framework.helpers.Assert.state(Assert.java:40): End-point not available
ERROR [org.apache.jsp.META_002dINF.views.framework.panic_jsp] HTTP GET /acme-fleamarket/META-INF/views/framework/page.jsp HTTP/1.1
ERROR [org.apache.jsp.META_002dINF.views.framework.panic_jsp] Status: 500
ERROR [org.apache.jsp.META_002dINF.views.framework.panic_jsp] Exception: acme.framework.helpers.Assert.state(Assert.java:40): End-point not available
WARN [com.zaxxer.hikari.pool.HikariPool] {} - Thread starvation or clock leap detected (housekeeper delta={}).
ERROR [org.apache.catalina.util.LifecycleBase] at org.apache.catalina.connector.Connector.startInternal(Connector.java:1008): Protocol handler start failed
at sun.nio.ch.Net.bind0(Native Method): Address already in use: bind
ERROR [org.springframework.boot.diagnostics.LoggingFailureAnalysisReporter] ***************************
APPLICATION FAILED TO START
***************************
Description:
The Tomcat connector configured to listen on port 8080 failed to start. The port may already be in use or the connector may be misconfigured.
Action:
Verify the connector's configuration, identify and stop any process that's listening on port 8080, or configure this application to listen on another port.
ERROR [org.apache.jsp.META_002dINF.views.framework.panic_jsp] HTTP GET /acme-fleamarket/META-INF/views/framework/page.jsp HTTP/1.1
ERROR [org.apache.jsp.META_002dINF.views.framework.panic_jsp] Status: 500
ERROR [org.apache.jsp.META_002dINF.views.framework.panic_jsp] Exception: acme.framework.helpers.Assert.state(Assert.java:40): End-point not available
ERROR [org.apache.jsp.META_002dINF.views.framework.panic_jsp] HTTP GET /acme-fleamarket/META-INF/views/framework/page.jsp HTTP/1.1
ERROR [org.apache.jsp.META_002dINF.views.framework.panic_jsp] Status: 500
ERROR [org.apache.jsp.META_002dINF.views.framework.panic_jsp] Exception: java.lang.AssertionError
WARN [com.zaxxer.hikari.pool.HikariPool] {} - Thread starvation or clock leap detected (housekeeper delta={}).
ERROR [org.apache.jsp.META_002dINF.views.framework.panic_jsp] HTTP GET /acme-fleamarket/META-INF/views/framework/page.jsp HTTP/1.1
ERROR [org.apache.jsp.META_002dINF.views.framework.panic_jsp] Status: 500
ERROR [org.apache.jsp.META_002dINF.views.framework.panic_jsp] Exception: java.lang.AssertionError
WARN [com.zaxxer.hikari.pool.HikariPool] {} - Thread starvation or clock leap detected (housekeeper delta={}).
ERROR [org.apache.jsp.META_002dINF.views.framework.panic_jsp] HTTP GET /acme-fleamarket/META-INF/views/framework/page.jsp HTTP/1.1
ERROR [org.apache.jsp.META_002dINF.views.framework.panic_jsp] Status: 500
ERROR [org.apache.jsp.META_002dINF.views.framework.panic_jsp] Exception: java.lang.AssertionError
WARN [com.zaxxer.hikari.pool.HikariPool] {} - Thread starvation or clock leap detected (housekeeper delta={}).
ERROR [org.apache.jsp.META_002dINF.views.framework.panic_jsp] HTTP GET /acme-fleamarket/META-INF/views/framework/page.jsp HTTP/1.1
ERROR [org.apache.jsp.META_002dINF.views.framework.panic_jsp] Status: 500
ERROR [org.apache.jsp.META_002dINF.views.framework.panic_jsp] Exception: java.lang.AssertionError
ERROR [org.apache.catalina.core.ContainerBase.[Tomcat].[localhost].[/acme-fleamarket].[dispatcherServlet]] at acme.framework.utilities.RememberMeLogoutHandler.logout(RememberMeLogoutHandler.java:31): java.lang.AssertionError
ERROR [org.apache.jsp.META_002dINF.views.framework.panic_jsp] HTTP GET /acme-fleamarket/META-INF/views/framework/page.jsp HTTP/1.1
ERROR [org.apache.jsp.META_002dINF.views.framework.panic_jsp] Status: 500
ERROR [org.apache.jsp.META_002dINF.views.framework.panic_jsp] Exception: java.lang.AssertionError
WARN [com.zaxxer.hikari.pool.HikariPool] {} - Thread starvation or clock leap detected (housekeeper delta={}).
ERROR [org.apache.catalina.util.LifecycleBase] at org.apache.catalina.connector.Connector.startInternal(Connector.java:1008): Protocol handler start failed
at sun.nio.ch.Net.bind0(Native Method): Address already in use: bind
ERROR [org.springframework.boot.diagnostics.LoggingFailureAnalysisReporter] ***************************
APPLICATION FAILED TO START
***************************
Description:
The Tomcat connector configured to listen on port 8080 failed to start. The port may already be in use or the connector may be misconfigured.
Action:
Verify the connector's configuration, identify and stop any process that's listening on port 8080, or configure this application to listen on another port.
ERROR [org.apache.catalina.util.LifecycleBase] at org.apache.catalina.connector.Connector.startInternal(Connector.java:1008): Protocol handler start failed
at sun.nio.ch.Net.bind0(Native Method): Address already in use: bind
ERROR [org.springframework.boot.diagnostics.LoggingFailureAnalysisReporter] ***************************
APPLICATION FAILED TO START
***************************
Description:
The Tomcat connector configured to listen on port 8080 failed to start. The port may already be in use or the connector may be misconfigured.
Action:
Verify the connector's configuration, identify and stop any process that's listening on port 8080, or configure this application to listen on another port.
ERROR [org.apache.jsp.META_002dINF.views.framework.panic_jsp] HTTP GET /acme-fleamarket/META-INF/views/framework/page.jsp HTTP/1.1
ERROR [org.apache.jsp.META_002dINF.views.framework.panic_jsp] Status: 500
ERROR [org.apache.jsp.META_002dINF.views.framework.panic_jsp] Exception: acme.framework.helpers.Assert.state(Assert.java:40): Access is not authorised
ERROR [org.apache.catalina.util.LifecycleBase] at org.apache.catalina.connector.Connector.startInternal(Connector.java:1008): Protocol handler start failed
at sun.nio.ch.Net.bind0(Native Method): Address already in use: bind
ERROR [org.springframework.boot.diagnostics.LoggingFailureAnalysisReporter] ***************************
APPLICATION FAILED TO START
***************************
Description:
The Tomcat connector configured to listen on port 8080 failed to start. The port may already be in use or the connector may be misconfigured.
Action:
Verify the connector's configuration, identify and stop any process that's listening on port 8080, or configure this application to listen on another port.
WARN [com.zaxxer.hikari.pool.HikariPool] {} - Thread starvation or clock leap detected (housekeeper delta={}).
ERROR [org.apache.jsp.META_002dINF.views.framework.panic_jsp] HTTP GET /acme-fleamarket/META-INF/views/framework/page.jsp HTTP/1.1
ERROR [org.apache.jsp.META_002dINF.views.framework.panic_jsp] Status: 500
ERROR [org.apache.jsp.META_002dINF.views.framework.panic_jsp] Exception: acme.framework.helpers.Assert.state(Assert.java:40): Access is not authorised
ERROR [org.apache.jsp.META_002dINF.views.framework.panic_jsp] HTTP GET /acme-fleamarket/META-INF/views/framework/page.jsp HTTP/1.1
ERROR [org.apache.jsp.META_002dINF.views.framework.panic_jsp] Status: 500
ERROR [org.apache.jsp.META_002dINF.views.framework.panic_jsp] Exception: acme.framework.helpers.Assert.state(Assert.java:40): Access is not authorised
WARN [com.zaxxer.hikari.pool.HikariPool] {} - Thread starvation or clock leap detected (housekeeper delta={}).
WARN [com.zaxxer.hikari.pool.HikariPool] {} - Thread starvation or clock leap detected (housekeeper delta={}).
WARN [com.zaxxer.hikari.pool.HikariPool] {} - Thread starvation or clock leap detected (housekeeper delta={}).
WARN [com.zaxxer.hikari.pool.HikariPool] {} - Thread starvation or clock leap detected (housekeeper delta={}).
WARN [com.zaxxer.hikari.pool.HikariPool] {} - Thread starvation or clock leap detected (housekeeper delta={}).
WARN [com.zaxxer.hikari.pool.HikariPool] {} - Thread starvation or clock leap detected (housekeeper delta={}).
ERROR [org.apache.jsp.META_002dINF.views.framework.panic_jsp] HTTP GET /acme-fleamarket/META-INF/views/framework/page.jsp HTTP/1.1
ERROR [org.apache.jsp.META_002dINF.views.framework.panic_jsp] Status: 500
ERROR [org.apache.jsp.META_002dINF.views.framework.panic_jsp] Exception: acme.framework.helpers.Assert.state(Assert.java:40): Access is not authorised
ERROR [org.apache.jsp.META_002dINF.views.framework.panic_jsp] HTTP GET /acme-fleamarket/META-INF/views/framework/page.jsp HTTP/1.1
ERROR [org.apache.jsp.META_002dINF.views.framework.panic_jsp] Status: 500
ERROR [org.apache.jsp.META_002dINF.views.framework.panic_jsp] Exception: acme.framework.helpers.Assert.state(Assert.java:40): Access is not authorised
WARN [com.zaxxer.hikari.pool.HikariPool] {} - Thread starvation or clock leap detected (housekeeper delta={}).
WARN [com.zaxxer.hikari.pool.HikariPool] {} - Thread starvation or clock leap detected (housekeeper delta={}).
WARN [com.zaxxer.hikari.pool.HikariPool] {} - Thread starvation or clock leap detected (housekeeper delta={}).
WARN [com.zaxxer.hikari.pool.HikariPool] {} - Thread starvation or clock leap detected (housekeeper delta={}).
ERROR [org.apache.jsp.META_002dINF.views.framework.panic_jsp] HTTP GET /acme-fleamarket/META-INF/views/framework/page.jsp HTTP/1.1
ERROR [org.apache.jsp.META_002dINF.views.framework.panic_jsp] Status: 500
ERROR [org.apache.jsp.META_002dINF.views.framework.panic_jsp] Exception: java.lang.AssertionError
ERROR [org.apache.jsp.META_002dINF.views.framework.panic_jsp] HTTP GET /acme-fleamarket/META-INF/views/framework/page.jsp HTTP/1.1
ERROR [org.apache.jsp.META_002dINF.views.framework.panic_jsp] Status: 500
ERROR [org.apache.jsp.META_002dINF.views.framework.panic_jsp] Exception: java.lang.AssertionError
WARN [com.zaxxer.hikari.pool.HikariPool] {} - Thread starvation or clock leap detected (housekeeper delta={}).
WARN [com.zaxxer.hikari.pool.HikariPool] {} - Thread starvation or clock leap detected (housekeeper delta={}).
WARN [com.zaxxer.hikari.pool.HikariPool] {} - Thread starvation or clock leap detected (housekeeper delta={}).
ERROR [org.apache.jsp.META_002dINF.views.framework.panic_jsp] HTTP GET /acme-fleamarket/META-INF/views/framework/page.jsp HTTP/1.1
ERROR [org.apache.jsp.META_002dINF.views.framework.panic_jsp] Status: 500
ERROR [org.apache.jsp.META_002dINF.views.framework.panic_jsp] Exception: java.lang.AssertionError
ERROR [org.apache.catalina.core.ContainerBase.[Tomcat].[localhost].[/acme-fleamarket].[dispatcherServlet]] at acme.framework.services.AuthenticationService.loadUserByUsername(AuthenticationService.java:45): java.lang.AssertionError
ERROR [org.apache.jsp.META_002dINF.views.framework.panic_jsp] HTTP GET /acme-fleamarket/META-INF/views/framework/page.jsp HTTP/1.1
ERROR [org.apache.jsp.META_002dINF.views.framework.panic_jsp] Status: 500
ERROR [org.apache.jsp.META_002dINF.views.framework.panic_jsp] Exception: java.lang.AssertionError
WARN [com.zaxxer.hikari.pool.HikariPool] {} - Thread starvation or clock leap detected (housekeeper delta={}).
ERROR [org.apache.jsp.META_002dINF.views.framework.panic_jsp] HTTP GET /acme-fleamarket/META-INF/views/framework/page.jsp HTTP/1.1
ERROR [org.apache.jsp.META_002dINF.views.framework.panic_jsp] Status: 500
ERROR [org.apache.jsp.META_002dINF.views.framework.panic_jsp] Exception: java.lang.AssertionError
ERROR [org.apache.jsp.META_002dINF.views.framework.panic_jsp] HTTP GET /acme-fleamarket/META-INF/views/framework/page.jsp HTTP/1.1
ERROR [org.apache.jsp.META_002dINF.views.framework.panic_jsp] Status: 500
ERROR [org.apache.jsp.META_002dINF.views.framework.panic_jsp] Exception: acme.framework.helpers.Assert.state(Assert.java:40): Access is not authorised
ERROR [org.apache.jsp.META_002dINF.views.framework.panic_jsp] HTTP GET /acme-fleamarket/META-INF/views/framework/page.jsp HTTP/1.1
ERROR [org.apache.jsp.META_002dINF.views.framework.panic_jsp] Status: 500
ERROR [org.apache.jsp.META_002dINF.views.framework.panic_jsp] Exception: java.lang.AssertionError
WARN [com.zaxxer.hikari.pool.HikariPool] {} - Thread starvation or clock leap detected (housekeeper delta={}).
ERROR [org.apache.jsp.META_002dINF.views.framework.panic_jsp] HTTP GET /acme-fleamarket/META-INF/views/framework/page.jsp HTTP/1.1
ERROR [org.apache.jsp.META_002dINF.views.framework.panic_jsp] Status: 500
ERROR [org.apache.jsp.META_002dINF.views.framework.panic_jsp] Exception: acme.framework.helpers.Assert.state(Assert.java:40): Access is not authorised
ERROR [org.apache.jsp.META_002dINF.views.framework.panic_jsp] HTTP GET /acme-fleamarket/META-INF/views/framework/page.jsp HTTP/1.1
ERROR [org.apache.jsp.META_002dINF.views.framework.panic_jsp] Status: 500
ERROR [org.apache.jsp.META_002dINF.views.framework.panic_jsp] Exception: java.lang.AssertionError
ERROR [org.apache.jsp.META_002dINF.views.framework.panic_jsp] HTTP GET /acme-fleamarket/META-INF/views/framework/page.jsp HTTP/1.1
ERROR [org.apache.jsp.META_002dINF.views.framework.panic_jsp] Status: 500
ERROR [org.apache.jsp.META_002dINF.views.framework.panic_jsp] Exception: java.lang.AssertionError
ERROR [org.apache.jsp.META_002dINF.views.framework.panic_jsp] HTTP GET /acme-fleamarket/META-INF/views/framework/page.jsp HTTP/1.1
ERROR [org.apache.jsp.META_002dINF.views.framework.panic_jsp] Status: 500
ERROR [org.apache.jsp.META_002dINF.views.framework.panic_jsp] Exception: acme.framework.helpers.Assert.state(Assert.java:40): Access is not authorised
ERROR [org.apache.jsp.META_002dINF.views.framework.panic_jsp] HTTP GET /acme-fleamarket/META-INF/views/framework/page.jsp HTTP/1.1
ERROR [org.apache.jsp.META_002dINF.views.framework.panic_jsp] Status: 500
ERROR [org.apache.jsp.META_002dINF.views.framework.panic_jsp] Exception: java.lang.AssertionError
ERROR [org.apache.jsp.META_002dINF.views.framework.panic_jsp] HTTP GET /acme-fleamarket/META-INF/views/framework/page.jsp HTTP/1.1
ERROR [org.apache.jsp.META_002dINF.views.framework.panic_jsp] Status: 500
ERROR [org.apache.jsp.META_002dINF.views.framework.panic_jsp] Exception: java.lang.AssertionError
ERROR [org.apache.jsp.META_002dINF.views.framework.panic_jsp] HTTP GET /acme-fleamarket/META-INF/views/framework/page.jsp HTTP/1.1
ERROR [org.apache.jsp.META_002dINF.views.framework.panic_jsp] Status: 500
ERROR [org.apache.jsp.META_002dINF.views.framework.panic_jsp] Exception: java.lang.AssertionError
ERROR [org.apache.jsp.META_002dINF.views.framework.panic_jsp] HTTP GET /acme-fleamarket/META-INF/views/framework/page.jsp HTTP/1.1
ERROR [org.apache.jsp.META_002dINF.views.framework.panic_jsp] Status: 500
ERROR [org.apache.jsp.META_002dINF.views.framework.panic_jsp] Exception: java.lang.AssertionError
ERROR [org.apache.jsp.META_002dINF.views.framework.panic_jsp] HTTP GET /acme-fleamarket/META-INF/views/framework/page.jsp HTTP/1.1
ERROR [org.apache.jsp.META_002dINF.views.framework.panic_jsp] Status: 500
ERROR [org.apache.jsp.META_002dINF.views.framework.panic_jsp] Exception: acme.framework.helpers.Assert.state(Assert.java:40): End-point not available
ERROR [org.apache.jsp.META_002dINF.views.framework.panic_jsp] HTTP GET /acme-fleamarket/META-INF/views/framework/page.jsp HTTP/1.1
ERROR [org.apache.jsp.META_002dINF.views.framework.panic_jsp] Status: 500
ERROR [org.apache.jsp.META_002dINF.views.framework.panic_jsp] Exception: acme.framework.helpers.Assert.state(Assert.java:40): Access is not authorised
ERROR [org.apache.jsp.META_002dINF.views.framework.panic_jsp] HTTP GET /acme-fleamarket/META-INF/views/framework/page.jsp HTTP/1.1
ERROR [org.apache.jsp.META_002dINF.views.framework.panic_jsp] Status: 500
ERROR [org.apache.jsp.META_002dINF.views.framework.panic_jsp] Exception: acme.framework.helpers.Assert.state(Assert.java:40): Access is not authorised
ERROR [org.apache.jsp.META_002dINF.views.framework.panic_jsp] HTTP GET /acme-fleamarket/META-INF/views/framework/page.jsp HTTP/1.1
ERROR [org.apache.jsp.META_002dINF.views.framework.panic_jsp] Status: 500
ERROR [org.apache.jsp.META_002dINF.views.framework.panic_jsp] Exception: acme.framework.helpers.Assert.state(Assert.java:40): Access is not authorised
ERROR [org.apache.jsp.META_002dINF.views.framework.panic_jsp] HTTP GET /acme-fleamarket/META-INF/views/framework/page.jsp HTTP/1.1
ERROR [org.apache.jsp.META_002dINF.views.framework.panic_jsp] Status: 500
ERROR [org.apache.jsp.META_002dINF.views.framework.panic_jsp] Exception: acme.framework.helpers.Assert.state(Assert.java:40): Access is not authorised
WARN [com.zaxxer.hikari.pool.HikariPool] {} - Thread starvation or clock leap detected (housekeeper delta={}).
ERROR [org.apache.jsp.META_002dINF.views.framework.panic_jsp] HTTP POST /acme-fleamarket/META-INF/views/framework/page.jsp HTTP/1.1
ERROR [org.apache.jsp.META_002dINF.views.framework.panic_jsp] Status: 500
ERROR [org.apache.jsp.META_002dINF.views.framework.panic_jsp] Exception: java.lang.NullPointerException
WARN [com.zaxxer.hikari.pool.HikariPool] {} - Thread starvation or clock leap detected (housekeeper delta={}).
WARN [com.zaxxer.hikari.pool.HikariPool] {} - Thread starvation or clock leap detected (housekeeper delta={}).
ERROR [org.apache.jsp.META_002dINF.views.framework.panic_jsp] HTTP GET /acme-fleamarket/META-INF/views/framework/page.jsp HTTP/1.1
ERROR [org.apache.jsp.META_002dINF.views.framework.panic_jsp] Status: 500
ERROR [org.apache.jsp.META_002dINF.views.framework.panic_jsp] Exception: java.lang.AssertionError
WARN [com.zaxxer.hikari.pool.HikariPool] {} - Thread starvation or clock leap detected (housekeeper delta={}).
ERROR [org.apache.jsp.META_002dINF.views.framework.panic_jsp] HTTP GET /acme-fleamarket/META-INF/views/framework/page.jsp HTTP/1.1
ERROR [org.apache.jsp.META_002dINF.views.framework.panic_jsp] Status: 500
ERROR [org.apache.jsp.META_002dINF.views.framework.panic_jsp] Exception: acme.framework.helpers.Assert.state(Assert.java:40): Access is not authorised
ERROR [org.apache.jsp.META_002dINF.views.framework.panic_jsp] HTTP GET /acme-fleamarket/META-INF/views/framework/page.jsp HTTP/1.1
ERROR [org.apache.jsp.META_002dINF.views.framework.panic_jsp] Status: 500
ERROR [org.apache.jsp.META_002dINF.views.framework.panic_jsp] Exception: acme.framework.helpers.Assert.state(Assert.java:40): Access is not authorised
WARN [com.zaxxer.hikari.pool.HikariPool] {} - Thread starvation or clock leap detected (housekeeper delta={}).
WARN [com.zaxxer.hikari.pool.HikariPool] {} - Thread starvation or clock leap detected (housekeeper delta={}).
ERROR [org.apache.jsp.META_002dINF.views.framework.panic_jsp] HTTP GET /acme-fleamarket/META-INF/views/framework/page.jsp HTTP/1.1
ERROR [org.apache.jsp.META_002dINF.views.framework.panic_jsp] Status: 500
ERROR [org.apache.jsp.META_002dINF.views.framework.panic_jsp] Exception: java.lang.AssertionError
WARN [com.zaxxer.hikari.pool.HikariPool] {} - Thread starvation or clock leap detected (housekeeper delta={}).
ERROR [org.apache.jsp.META_002dINF.views.framework.panic_jsp] HTTP GET /acme-fleamarket/META-INF/views/framework/page.jsp HTTP/1.1
ERROR [org.apache.jsp.META_002dINF.views.framework.panic_jsp] Status: 500
ERROR [org.apache.jsp.META_002dINF.views.framework.panic_jsp] Exception: acme.framework.helpers.Assert.state(Assert.java:40): Acceso no autorizado
WARN [com.zaxxer.hikari.pool.HikariPool] {} - Thread starvation or clock leap detected (housekeeper delta={}).
WARN [com.zaxxer.hikari.pool.HikariPool] {} - Thread starvation or clock leap detected (housekeeper delta={}).
ERROR [org.apache.jsp.META_002dINF.views.framework.panic_jsp] HTTP GET /acme-fleamarket/META-INF/views/framework/page.jsp HTTP/1.1
ERROR [org.apache.jsp.META_002dINF.views.framework.panic_jsp] Status: 500
ERROR [org.apache.jsp.META_002dINF.views.framework.panic_jsp] Exception: java.lang.AssertionError
ERROR [org.apache.jsp.META_002dINF.views.framework.panic_jsp] HTTP GET /acme-fleamarket/META-INF/views/framework/page.jsp HTTP/1.1
ERROR [org.apache.jsp.META_002dINF.views.framework.panic_jsp] Status: 500
ERROR [org.apache.jsp.META_002dINF.views.framework.panic_jsp] Exception: java.lang.AssertionError
ERROR [org.apache.jsp.META_002dINF.views.framework.panic_jsp] HTTP GET /acme-fleamarket/META-INF/views/framework/page.jsp HTTP/1.1
ERROR [org.apache.jsp.META_002dINF.views.framework.panic_jsp] Status: 500
ERROR [org.apache.jsp.META_002dINF.views.framework.panic_jsp] Exception: java.lang.AssertionError
ERROR [org.apache.jsp.META_002dINF.views.framework.panic_jsp] HTTP GET /acme-fleamarket/META-INF/views/framework/page.jsp HTTP/1.1
ERROR [org.apache.jsp.META_002dINF.views.framework.panic_jsp] Status: 500
ERROR [org.apache.jsp.META_002dINF.views.framework.panic_jsp] Exception: acme.framework.helpers.Assert.state(Assert.java:40): Access is not authorised
ERROR [org.apache.jsp.META_002dINF.views.framework.panic_jsp] HTTP GET /acme-fleamarket/META-INF/views/framework/page.jsp HTTP/1.1
ERROR [org.apache.jsp.META_002dINF.views.framework.panic_jsp] Status: 500
ERROR [org.apache.jsp.META_002dINF.views.framework.panic_jsp] Exception: acme.framework.helpers.Assert.state(Assert.java:40): Access is not authorised
ERROR [org.apache.jsp.META_002dINF.views.framework.panic_jsp] HTTP GET /acme-fleamarket/META-INF/views/framework/page.jsp HTTP/1.1
ERROR [org.apache.jsp.META_002dINF.views.framework.panic_jsp] Status: 500
ERROR [org.apache.jsp.META_002dINF.views.framework.panic_jsp] Exception: java.lang.AssertionError
WARN [com.zaxxer.hikari.pool.HikariPool] {} - Thread starvation or clock leap detected (housekeeper delta={}).
WARN [org.springframework.boot.web.servlet.context.AnnotationConfigServletWebServerApplicationContext] Exception encountered during context initialization - cancelling refresh attempt: org.springframework.beans.factory.BeanCreationException: Error creating bean with name 'entityManagerFactory' defined in class path resource [org/springframework/boot/autoconfigure/orm/jpa/HibernateJpaConfiguration.class]: Invocation of init method failed; nested exception is javax.persistence.PersistenceException: [PersistenceUnit: default] Unable to build Hibernate SessionFactory; nested exception is org.hibernate.tool.schema.spi.SchemaManagementException: Schema-validation: missing column [reject_justification] in table [request_item]
ERROR [org.springframework.boot.SpringApplication] at org.springframework.beans.factory.support.AbstractAutowireCapableBeanFactory.initializeBean(AbstractAutowireCapableBeanFactory.java:1778): Error creating bean with name 'entityManagerFactory' defined in class path resource [org/springframework/boot/autoconfigure/orm/jpa/HibernateJpaConfiguration.class]: Invocation of init method failed; nested exception is javax.persistence.PersistenceException: [PersistenceUnit: default] Unable to build Hibernate SessionFactory; nested exception is org.hibernate.tool.schema.spi.SchemaManagementException: Schema-validation: missing column [reject_justification] in table [request_item]
at org.springframework.orm.jpa.AbstractEntityManagerFactoryBean.buildNativeEntityManagerFactory(AbstractEntityManagerFactoryBean.java:402): [PersistenceUnit: default] Unable to build Hibernate SessionFactory; nested exception is org.hibernate.tool.schema.spi.SchemaManagementException: Schema-validation: missing column [reject_justification] in table [request_item]
at org.hibernate.tool.schema.internal.AbstractSchemaValidator.validateTable(AbstractSchemaValidator.java:136): Schema-validation: missing column [reject_justification] in table [request_item]
WARN [com.zaxxer.hikari.pool.HikariPool] {} - Thread starvation or clock leap detected (housekeeper delta={}).
ERROR [org.apache.jsp.META_002dINF.views.framework.panic_jsp] HTTP GET /acme-fleamarket/META-INF/views/framework/page.jsp HTTP/1.1
ERROR [org.apache.jsp.META_002dINF.views.framework.panic_jsp] Status: 500
ERROR [org.apache.jsp.META_002dINF.views.framework.panic_jsp] Exception: acme.framework.helpers.Assert.state(Assert.java:40): Access is not authorised
WARN [com.zaxxer.hikari.pool.HikariPool] {} - Thread starvation or clock leap detected (housekeeper delta={}).
ERROR [org.apache.jsp.META_002dINF.views.framework.panic_jsp] HTTP GET /acme-fleamarket/META-INF/views/framework/page.jsp HTTP/1.1
ERROR [org.apache.jsp.META_002dINF.views.framework.panic_jsp] Status: 500
ERROR [org.apache.jsp.META_002dINF.views.framework.panic_jsp] Exception: acme.framework.helpers.Assert.state(Assert.java:40): Access is not authorised
ERROR [org.apache.jsp.META_002dINF.views.framework.panic_jsp] HTTP GET /acme-fleamarket/META-INF/views/framework/page.jsp HTTP/1.1
ERROR [org.apache.jsp.META_002dINF.views.framework.panic_jsp] Status: 500
ERROR [org.apache.jsp.META_002dINF.views.framework.panic_jsp] Exception: java.lang.AssertionError
ERROR [org.apache.jsp.META_002dINF.views.framework.panic_jsp] HTTP GET /acme-fleamarket/META-INF/views/framework/page.jsp HTTP/1.1
ERROR [org.apache.jsp.META_002dINF.views.framework.panic_jsp] Status: 500
ERROR [org.apache.jsp.META_002dINF.views.framework.panic_jsp] Exception: acme.framework.helpers.Assert.state(Assert.java:40): End-point not available
WARN [com.zaxxer.hikari.pool.HikariPool] {} - Thread starvation or clock leap detected (housekeeper delta={}).
ERROR [org.apache.jsp.META_002dINF.views.framework.panic_jsp] HTTP GET /acme-fleamarket/META-INF/views/framework/page.jsp HTTP/1.1
ERROR [org.apache.jsp.META_002dINF.views.framework.panic_jsp] Status: 500
ERROR [org.apache.jsp.META_002dINF.views.framework.panic_jsp] Exception: acme.framework.helpers.Assert.state(Assert.java:40): Access is not authorised
ERROR [org.apache.jsp.META_002dINF.views.framework.panic_jsp] HTTP GET /acme-fleamarket/META-INF/views/framework/page.jsp HTTP/1.1
ERROR [org.apache.jsp.META_002dINF.views.framework.panic_jsp] Status: 500
ERROR [org.apache.jsp.META_002dINF.views.framework.panic_jsp] Exception: acme.framework.helpers.Assert.state(Assert.java:40): End-point not available
ERROR [org.apache.jsp.META_002dINF.views.framework.panic_jsp] HTTP GET /acme-fleamarket/META-INF/views/framework/page.jsp HTTP/1.1
ERROR [org.apache.jsp.META_002dINF.views.framework.panic_jsp] Status: 500
ERROR [org.apache.jsp.META_002dINF.views.framework.panic_jsp] Exception: acme.framework.helpers.Assert.state(Assert.java:40): Access is not authorised
ERROR [org.apache.jsp.META_002dINF.views.framework.panic_jsp] HTTP GET /acme-fleamarket/META-INF/views/framework/page.jsp HTTP/1.1
ERROR [org.apache.jsp.META_002dINF.views.framework.panic_jsp] Status: 500
ERROR [org.apache.jsp.META_002dINF.views.framework.panic_jsp] Exception: java.lang.AssertionError
ERROR [org.apache.jsp.META_002dINF.views.framework.panic_jsp] HTTP GET /acme-fleamarket/META-INF/views/framework/page.jsp HTTP/1.1
ERROR [org.apache.jsp.META_002dINF.views.framework.panic_jsp] Status: 500
ERROR [org.apache.jsp.META_002dINF.views.framework.panic_jsp] Exception: java.lang.AssertionError
WARN [com.zaxxer.hikari.pool.HikariPool] {} - Thread starvation or clock leap detected (housekeeper delta={}).
WARN [com.zaxxer.hikari.pool.HikariPool] {} - Thread starvation or clock leap detected (housekeeper delta={}).
WARN [com.zaxxer.hikari.pool.HikariPool] {} - Thread starvation or clock leap detected (housekeeper delta={}).
WARN [com.zaxxer.hikari.pool.HikariPool] {} - Thread starvation or clock leap detected (housekeeper delta={}).
WARN [com.zaxxer.hikari.pool.HikariPool] {} - Thread starvation or clock leap detected (housekeeper delta={}).
WARN [com.zaxxer.hikari.pool.HikariPool] {} - Thread starvation or clock leap detected (housekeeper delta={}).
WARN [com.zaxxer.hikari.pool.HikariPool] {} - Thread starvation or clock leap detected (housekeeper delta={}).
ERROR [org.apache.catalina.util.LifecycleBase] at org.apache.catalina.connector.Connector.startInternal(Connector.java:1008): Protocol handler start failed
at sun.nio.ch.Net.bind0(Native Method): Address already in use: bind
ERROR [org.springframework.boot.diagnostics.LoggingFailureAnalysisReporter] ***************************
APPLICATION FAILED TO START
***************************
Description:
The Tomcat connector configured to listen on port 8080 failed to start. The port may already be in use or the connector may be misconfigured.
Action:
Verify the connector's configuration, identify and stop any process that's listening on port 8080, or configure this application to listen on another port.
WARN [com.zaxxer.hikari.pool.HikariPool] {} - Thread starvation or clock leap detected (housekeeper delta={}).
ERROR [org.apache.jsp.META_002dINF.views.framework.panic_jsp] HTTP GET /acme-fleamarket/META-INF/views/framework/page.jsp HTTP/1.1
ERROR [org.apache.jsp.META_002dINF.views.framework.panic_jsp] Status: 500
ERROR [org.apache.jsp.META_002dINF.views.framework.panic_jsp] Exception: org.springframework.orm.jpa.EntityManagerFactoryUtils.convertJpaAccessExceptionIfPossible(EntityManagerFactoryUtils.java:373): bound must be greater than origin; nested exception is java.lang.IllegalArgumentException: bound must be greater than origin
java.util.concurrent.ThreadLocalRandom.nextInt(Unknown Source): bound must be greater than origin
ERROR [org.apache.jsp.META_002dINF.views.framework.panic_jsp] HTTP GET /acme-fleamarket/META-INF/views/framework/page.jsp HTTP/1.1
ERROR [org.apache.jsp.META_002dINF.views.framework.panic_jsp] Status: 500
ERROR [org.apache.jsp.META_002dINF.views.framework.panic_jsp] Exception: org.springframework.orm.jpa.EntityManagerFactoryUtils.convertJpaAccessExceptionIfPossible(EntityManagerFactoryUtils.java:373): bound must be greater than origin; nested exception is java.lang.IllegalArgumentException: bound must be greater than origin
java.util.concurrent.ThreadLocalRandom.nextInt(Unknown Source): bound must be greater than origin
ERROR [org.apache.jsp.META_002dINF.views.framework.panic_jsp] HTTP GET /acme-fleamarket/META-INF/views/framework/page.jsp HTTP/1.1
ERROR [org.apache.jsp.META_002dINF.views.framework.panic_jsp] Status: 500
ERROR [org.apache.jsp.META_002dINF.views.framework.panic_jsp] Exception: org.springframework.orm.jpa.EntityManagerFactoryUtils.convertJpaAccessExceptionIfPossible(EntityManagerFactoryUtils.java:373): bound must be greater than origin; nested exception is java.lang.IllegalArgumentException: bound must be greater than origin
java.util.concurrent.ThreadLocalRandom.nextInt(Unknown Source): bound must be greater than origin
WARN [com.zaxxer.hikari.pool.HikariPool] {} - Thread starvation or clock leap detected (housekeeper delta={}).
ERROR [org.apache.catalina.util.LifecycleBase] at org.apache.catalina.connector.Connector.startInternal(Connector.java:1008): Protocol handler start failed
at sun.nio.ch.Net.bind0(Native Method): Address already in use: bind
ERROR [org.springframework.boot.diagnostics.LoggingFailureAnalysisReporter] ***************************
APPLICATION FAILED TO START
***************************
Description:
The Tomcat connector configured to listen on port 8080 failed to start. The port may already be in use or the connector may be misconfigured.
Action:
Verify the connector's configuration, identify and stop any process that's listening on port 8080, or configure this application to listen on another port.
ERROR [org.apache.jsp.META_002dINF.views.framework.panic_jsp] HTTP GET /acme-fleamarket/META-INF/views/framework/page.jsp HTTP/1.1
ERROR [org.apache.jsp.META_002dINF.views.framework.panic_jsp] Status: 500
ERROR [org.apache.jsp.META_002dINF.views.framework.panic_jsp] Exception: org.springframework.orm.jpa.EntityManagerFactoryUtils.convertJpaAccessExceptionIfPossible(EntityManagerFactoryUtils.java:373): bound must be greater than origin; nested exception is java.lang.IllegalArgumentException: bound must be greater than origin
java.util.concurrent.ThreadLocalRandom.nextInt(Unknown Source): bound must be greater than origin
ERROR [org.apache.jsp.META_002dINF.views.framework.panic_jsp] HTTP GET /acme-fleamarket/META-INF/views/framework/page.jsp HTTP/1.1
ERROR [org.apache.jsp.META_002dINF.views.framework.panic_jsp] Status: 500
ERROR [org.apache.jsp.META_002dINF.views.framework.panic_jsp] Exception: org.springframework.orm.jpa.EntityManagerFactoryUtils.convertJpaAccessExceptionIfPossible(EntityManagerFactoryUtils.java:373): bound must be greater than origin; nested exception is java.lang.IllegalArgumentException: bound must be greater than origin
java.util.concurrent.ThreadLocalRandom.nextInt(Unknown Source): bound must be greater than origin
ERROR [org.apache.jsp.META_002dINF.views.framework.panic_jsp] HTTP GET /acme-fleamarket/META-INF/views/framework/page.jsp HTTP/1.1
ERROR [org.apache.jsp.META_002dINF.views.framework.panic_jsp] Status: 500
ERROR [org.apache.jsp.META_002dINF.views.framework.panic_jsp] Exception: org.springframework.orm.jpa.EntityManagerFactoryUtils.convertJpaAccessExceptionIfPossible(EntityManagerFactoryUtils.java:373): bound must be greater than origin; nested exception is java.lang.IllegalArgumentException: bound must be greater than origin
java.util.concurrent.ThreadLocalRandom.nextInt(Unknown Source): bound must be greater than origin
ERROR [org.apache.jsp.META_002dINF.views.framework.panic_jsp] HTTP GET /acme-fleamarket/META-INF/views/framework/page.jsp HTTP/1.1
ERROR [org.apache.jsp.META_002dINF.views.framework.panic_jsp] Status: 500
ERROR [org.apache.jsp.META_002dINF.views.framework.panic_jsp] Exception: org.springframework.orm.jpa.EntityManagerFactoryUtils.convertJpaAccessExceptionIfPossible(EntityManagerFactoryUtils.java:373): bound must be greater than origin; nested exception is java.lang.IllegalArgumentException: bound must be greater than origin
java.util.concurrent.ThreadLocalRandom.nextInt(Unknown Source): bound must be greater than origin
ERROR [org.apache.jsp.META_002dINF.views.framework.panic_jsp] HTTP GET /acme-fleamarket/META-INF/views/framework/page.jsp HTTP/1.1
ERROR [org.apache.jsp.META_002dINF.views.framework.panic_jsp] Status: 500
ERROR [org.apache.jsp.META_002dINF.views.framework.panic_jsp] Exception: org.springframework.orm.jpa.EntityManagerFactoryUtils.convertJpaAccessExceptionIfPossible(EntityManagerFactoryUtils.java:373): bound must be greater than origin; nested exception is java.lang.IllegalArgumentException: bound must be greater than origin
java.util.concurrent.ThreadLocalRandom.nextInt(Unknown Source): bound must be greater than origin
ERROR [org.apache.jsp.META_002dINF.views.framework.panic_jsp] HTTP GET /acme-fleamarket/META-INF/views/framework/page.jsp HTTP/1.1
ERROR [org.apache.jsp.META_002dINF.views.framework.panic_jsp] Status: 500
ERROR [org.apache.jsp.META_002dINF.views.framework.panic_jsp] Exception: org.springframework.orm.jpa.EntityManagerFactoryUtils.convertJpaAccessExceptionIfPossible(EntityManagerFactoryUtils.java:373): bound must be greater than origin; nested exception is java.lang.IllegalArgumentException: bound must be greater than origin
java.util.concurrent.ThreadLocalRandom.nextInt(Unknown Source): bound must be greater than origin
ERROR [org.apache.jsp.META_002dINF.views.framework.panic_jsp] HTTP GET /acme-fleamarket/META-INF/views/framework/page.jsp HTTP/1.1
ERROR [org.apache.jsp.META_002dINF.views.framework.panic_jsp] Status: 500
ERROR [org.apache.jsp.META_002dINF.views.framework.panic_jsp] Exception: org.springframework.orm.jpa.EntityManagerFactoryUtils.convertJpaAccessExceptionIfPossible(EntityManagerFactoryUtils.java:373): bound must be greater than origin; nested exception is java.lang.IllegalArgumentException: bound must be greater than origin
java.util.concurrent.ThreadLocalRandom.nextInt(Unknown Source): bound must be greater than origin
ERROR [org.apache.jsp.META_002dINF.views.framework.panic_jsp] HTTP GET /acme-fleamarket/META-INF/views/framework/page.jsp HTTP/1.1
ERROR [org.apache.jsp.META_002dINF.views.framework.panic_jsp] Status: 500
ERROR [org.apache.jsp.META_002dINF.views.framework.panic_jsp] Exception: org.springframework.orm.jpa.EntityManagerFactoryUtils.convertJpaAccessExceptionIfPossible(EntityManagerFactoryUtils.java:373): bound must be greater than origin; nested exception is java.lang.IllegalArgumentException: bound must be greater than origin
java.util.concurrent.ThreadLocalRandom.nextInt(Unknown Source): bound must be greater than origin
ERROR [org.apache.jsp.META_002dINF.views.framework.panic_jsp] HTTP GET /acme-fleamarket/META-INF/views/framework/page.jsp HTTP/1.1
ERROR [org.apache.jsp.META_002dINF.views.framework.panic_jsp] Status: 500
ERROR [org.apache.jsp.META_002dINF.views.framework.panic_jsp] Exception: org.springframework.orm.jpa.EntityManagerFactoryUtils.convertJpaAccessExceptionIfPossible(EntityManagerFactoryUtils.java:373): bound must be greater than origin; nested exception is java.lang.IllegalArgumentException: bound must be greater than origin
java.util.concurrent.ThreadLocalRandom.nextInt(Unknown Source): bound must be greater than origin
ERROR [org.apache.jsp.META_002dINF.views.framework.panic_jsp] HTTP GET /acme-fleamarket/META-INF/views/framework/page.jsp HTTP/1.1
ERROR [org.apache.jsp.META_002dINF.views.framework.panic_jsp] Status: 500
ERROR [org.apache.jsp.META_002dINF.views.framework.panic_jsp] Exception: org.springframework.orm.jpa.EntityManagerFactoryUtils.convertJpaAccessExceptionIfPossible(EntityManagerFactoryUtils.java:373): bound must be greater than origin; nested exception is java.lang.IllegalArgumentException: bound must be greater than origin
java.util.concurrent.ThreadLocalRandom.nextInt(Unknown Source): bound must be greater than origin
ERROR [org.apache.jsp.META_002dINF.views.framework.panic_jsp] HTTP GET /acme-fleamarket/META-INF/views/framework/page.jsp HTTP/1.1
ERROR [org.apache.jsp.META_002dINF.views.framework.panic_jsp] Status: 500
ERROR [org.apache.jsp.META_002dINF.views.framework.panic_jsp] Exception: org.springframework.orm.jpa.EntityManagerFactoryUtils.convertJpaAccessExceptionIfPossible(EntityManagerFactoryUtils.java:373): bound must be greater than origin; nested exception is java.lang.IllegalArgumentException: bound must be greater than origin
java.util.concurrent.ThreadLocalRandom.nextInt(Unknown Source): bound must be greater than origin
ERROR [org.apache.jsp.META_002dINF.views.framework.panic_jsp] HTTP GET /acme-fleamarket/META-INF/views/framework/page.jsp HTTP/1.1
ERROR [org.apache.jsp.META_002dINF.views.framework.panic_jsp] Status: 500
ERROR [org.apache.jsp.META_002dINF.views.framework.panic_jsp] Exception: org.springframework.orm.jpa.EntityManagerFactoryUtils.convertJpaAccessExceptionIfPossible(EntityManagerFactoryUtils.java:373): bound must be greater than origin; nested exception is java.lang.IllegalArgumentException: bound must be greater than origin
java.util.concurrent.ThreadLocalRandom.nextInt(Unknown Source): bound must be greater than origin
ERROR [org.apache.jsp.META_002dINF.views.framework.panic_jsp] HTTP GET /acme-fleamarket/META-INF/views/framework/page.jsp HTTP/1.1
ERROR [org.apache.jsp.META_002dINF.views.framework.panic_jsp] Status: 500
ERROR [org.apache.jsp.META_002dINF.views.framework.panic_jsp] Exception: org.springframework.orm.jpa.EntityManagerFactoryUtils.convertJpaAccessExceptionIfPossible(EntityManagerFactoryUtils.java:373): bound must be greater than origin; nested exception is java.lang.IllegalArgumentException: bound must be greater than origin
java.util.concurrent.ThreadLocalRandom.nextInt(Unknown Source): bound must be greater than origin
ERROR [org.apache.jsp.META_002dINF.views.framework.panic_jsp] HTTP GET /acme-fleamarket/META-INF/views/framework/page.jsp HTTP/1.1
ERROR [org.apache.jsp.META_002dINF.views.framework.panic_jsp] Status: 500
ERROR [org.apache.jsp.META_002dINF.views.framework.panic_jsp] Exception: org.springframework.orm.jpa.EntityManagerFactoryUtils.convertJpaAccessExceptionIfPossible(EntityManagerFactoryUtils.java:373): bound must be greater than origin; nested exception is java.lang.IllegalArgumentException: bound must be greater than origin
java.util.concurrent.ThreadLocalRandom.nextInt(Unknown Source): bound must be greater than origin
ERROR [org.apache.jsp.META_002dINF.views.framework.panic_jsp] HTTP GET /acme-fleamarket/META-INF/views/framework/page.jsp HTTP/1.1
ERROR [org.apache.jsp.META_002dINF.views.framework.panic_jsp] Status: 500
ERROR [org.apache.jsp.META_002dINF.views.framework.panic_jsp] Exception: org.springframework.orm.jpa.EntityManagerFactoryUtils.convertJpaAccessExceptionIfPossible(EntityManagerFactoryUtils.java:373): bound must be greater than origin; nested exception is java.lang.IllegalArgumentException: bound must be greater than origin
java.util.concurrent.ThreadLocalRandom.nextInt(Unknown Source): bound must be greater than origin
ERROR [org.apache.jsp.META_002dINF.views.framework.panic_jsp] HTTP GET /acme-fleamarket/META-INF/views/framework/page.jsp HTTP/1.1
ERROR [org.apache.jsp.META_002dINF.views.framework.panic_jsp] Status: 500
ERROR [org.apache.jsp.META_002dINF.views.framework.panic_jsp] Exception: org.springframework.orm.jpa.EntityManagerFactoryUtils.convertJpaAccessExceptionIfPossible(EntityManagerFactoryUtils.java:373): bound must be greater than origin; nested exception is java.lang.IllegalArgumentException: bound must be greater than origin
java.util.concurrent.ThreadLocalRandom.nextInt(Unknown Source): bound must be greater than origin
WARN [com.zaxxer.hikari.pool.HikariPool] {} - Thread starvation or clock leap detected (housekeeper delta={}).
WARN [com.zaxxer.hikari.pool.HikariPool] {} - Thread starvation or clock leap detected (housekeeper delta={}).
ERROR [org.apache.catalina.util.LifecycleBase] at org.apache.catalina.connector.Connector.startInternal(Connector.java:1008): Protocol handler start failed
at sun.nio.ch.Net.bind0(Native Method): Address already in use: bind
ERROR [org.springframework.boot.diagnostics.LoggingFailureAnalysisReporter] ***************************
APPLICATION FAILED TO START
***************************
Description:
The Tomcat connector configured to listen on port 8080 failed to start. The port may already be in use or the connector may be misconfigured.
Action:
Verify the connector's configuration, identify and stop any process that's listening on port 8080, or configure this application to listen on another port.
ERROR [org.apache.catalina.util.LifecycleBase] at org.apache.catalina.connector.Connector.startInternal(Connector.java:1008): Protocol handler start failed
at sun.nio.ch.Net.bind0(Native Method): Address already in use: bind
ERROR [org.springframework.boot.diagnostics.LoggingFailureAnalysisReporter] ***************************
APPLICATION FAILED TO START
***************************
Description:
The Tomcat connector configured to listen on port 8080 failed to start. The port may already be in use or the connector may be misconfigured.
Action:
Verify the connector's configuration, identify and stop any process that's listening on port 8080, or configure this application to listen on another port.
